1    -8.31052e-21    0
2    -8.31412e-21    3.59518e-24
3    -8.31728e-21    3.78405e-24
4    -8.31772e-21    2.71211e-24
5    -8.32085e-21    3.76402e-24
6    -8.31996e-21    3.19837e-24
7    -8.31728e-21    3.80826e-24
8    -8.31613e-21    3.49263e-24
9    -8.31432e-21    3.57334e-24
10    -8.30793e-21    7.14333e-24
11    -8.30056e-21    9.79896e-24
12    -8.30977e-21    1.28346e-23
13    -8.30618e-21    1.23393e-23
14    -8.31183e-21    1.27447e-23
15    -8.30706e-21    1.27879e-23
16    -8.30631e-21    1.19851e-23
17    -8.30415e-21    1.14632e-23
18    -8.30764e-21    1.13572e-23
19    -8.31372e-21    1.23399e-23
20    -8.31713e-21    1.21932e-23
21    -8.31649e-21    1.16156e-23
22    -8.31941e-21    1.14531e-23
23    -8.3198e-21    1.09508e-23
24    -8.32017e-21    1.04912e-23
25    -8.32072e-21    1.00778e-23
26    -8.31866e-21    9.89917e-24
27    -8.31702e-21    9.66646e-24
28    -8.31752e-21    9.32855e-24
29    -8.31648e-21    9.06115e-24
30    -8.31743e-21    8.80499e-24
31    -8.31572e-21    8.68641e-24
32    -8.31593e-21    8.41341e-24
33    -8.3166e-21    8.18192e-24
34    -8.31755e-21    7.99377e-24
35    -8.31653e-21    7.8291e-24
36    -8.31626e-21    7.61304e-24
37    -8.31701e-21    7.4417e-24
38    -8.31668e-21    7.25077e-24
39    -8.31389e-21    7.5935e-24
40    -8.31246e-21    7.53678e-24
41    -8.31221e-21    7.35496e-24
42    -8.30926e-21    7.76e-24
43    -8.31017e-21    7.63168e-24
44    -8.30966e-21    7.47401e-24
45    -8.30887e-21    7.34836e-24
46    -8.3092e-21    7.19435e-24
47    -8.30959e-21    7.0507e-24
48    -8.31036e-21    6.94472e-24
49    -8.30834e-21    7.09407e-24
50    -8.30815e-21    6.95335e-24
