1    -5.55486e-21    0
2    -5.55646e-21    1.59714e-24
3    -5.5562e-21    9.57065e-25
4    -5.55706e-21    1.09056e-24
5    -5.55758e-21    9.91822e-25
6    -5.55728e-21    8.61958e-25
7    -5.55722e-21    7.31414e-25
8    -5.55692e-21    6.99447e-25
9    -5.55695e-21    6.17865e-25
10    -5.55686e-21    5.60553e-25
11    -5.55694e-21    5.12987e-25
12    -5.5571e-21    4.94839e-25
13    -5.55706e-21    4.56999e-25
14    -5.55686e-21    4.65551e-25
15    -5.55666e-21    4.80534e-25
16    -5.55674e-21    4.56612e-25
17    -5.55676e-21    4.29571e-25
18    -5.55705e-21    5.00078e-25
19    -5.5573e-21    5.32105e-25
20    -5.55737e-21    5.09593e-25
21    -5.55724e-21    5.0151e-25
22    -5.55727e-21    4.79171e-25
23    -5.5572e-21    4.63524e-25
24    -5.55708e-21    4.59937e-25
25    -5.55713e-21    4.44163e-25
26    -5.55712e-21    4.26745e-25
27    -5.55709e-21    4.12304e-25
28    -5.55706e-21    3.98014e-25
29    -5.55697e-21    3.94712e-25
30    -5.55699e-21    3.81649e-25
31    -5.55699e-21    3.6915e-25
32    -5.55686e-21    3.79928e-25
33    -5.55685e-21    3.68434e-25
34    -5.55689e-21    3.59337e-25
35    -5.55691e-21    3.49712e-25
36    -5.5569e-21    3.40162e-25
37    -5.55681e-21    3.42313e-25
38    -5.55689e-21    3.4303e-25
39    -5.55691e-21    3.34743e-25
40    -5.55688e-21    3.28199e-25
41    -5.5568e-21    3.29749e-25
42    -5.55661e-21    3.74025e-25
43    -5.55669e-21    3.74519e-25
44    -5.55671e-21    3.6639e-25
45    -5.55669e-21    3.58743e-25
46    -5.55679e-21    3.67122e-25
47    -5.55679e-21    3.59228e-25
48    -5.55682e-21    3.52467e-25
49    -5.55674e-21    3.53939e-25
50    -5.55672e-21    3.47151e-25
