1    133.061    0
2    133.158    0.0964781
3    133.323    0.174292
4    133.303    0.124842
5    133.429    0.158604
6    133.4    0.1326
7    133.274    0.168907
8    133.232    0.151964
9    133.143    0.160974
10    132.839    0.33632
11    132.48    0.470925
12    132.917    0.612795
13    132.745    0.589138
14    133.028    0.614108
15    132.807    0.612697
16    132.767    0.574502
17    132.662    0.549848
18    132.816    0.540899
19    133.098    0.583922
20    133.259    0.576959
21    133.234    0.549351
22    133.374    0.542023
23    133.396    0.518403
24    133.42    0.496908
25    133.444    0.477224
26    133.345    0.469141
27    133.267    0.458059
28    133.293    0.442136
29    133.247    0.429077
30    133.292    0.416961
31    133.209    0.411698
32    133.226    0.398977
33    133.259    0.388096
34    133.303    0.379057
35    133.252    0.371518
36    133.24    0.361249
37    133.28    0.353639
38    133.26    0.344782
39    133.125    0.362206
40    133.058    0.359336
41    133.049    0.35056
42    132.916    0.36713
43    132.956    0.360701
44    132.93    0.353351
45    132.893    0.347389
46    132.904    0.33992
47    132.923    0.33316
48    132.959    0.328113
49    132.865    0.334696
50    132.857    0.328042
