1    2.75566e-21    0
2    2.75766e-21    1.99804e-24
3    2.76108e-21    3.60954e-24
4    2.76067e-21    2.58544e-24
5    2.76327e-21    3.28465e-24
6    2.76268e-21    2.74612e-24
7    2.76006e-21    3.49802e-24
8    2.75921e-21    3.14713e-24
9    2.75736e-21    3.33374e-24
10    2.75107e-21    6.96509e-24
11    2.74362e-21    9.75274e-24
12    2.75267e-21    1.26908e-23
13    2.74912e-21    1.22009e-23
14    2.75496e-21    1.2718e-23
15    2.7504e-21    1.26888e-23
16    2.74958e-21    1.18978e-23
17    2.7474e-21    1.13872e-23
18    2.75059e-21    1.12019e-23
19    2.75642e-21    1.20929e-23
20    2.75976e-21    1.19487e-23
21    2.75925e-21    1.13769e-23
22    2.76214e-21    1.12252e-23
23    2.7626e-21    1.0736e-23
24    2.76309e-21    1.02908e-23
25    2.76359e-21    9.88318e-24
26    2.76154e-21    9.71579e-24
27    2.75993e-21    9.48628e-24
28    2.76046e-21    9.15653e-24
29    2.75951e-21    8.88608e-24
30    2.76044e-21    8.63516e-24
31    2.75872e-21    8.52615e-24
32    2.75907e-21    8.2627e-24
33    2.75975e-21    8.03737e-24
34    2.76066e-21    7.85017e-24
35    2.75962e-21    7.69404e-24
36    2.75937e-21    7.48138e-24
37    2.7602e-21    7.32376e-24
38    2.75979e-21    7.14034e-24
39    2.75698e-21    7.5012e-24
40    2.75559e-21    7.44175e-24
41    2.75542e-21    7.26001e-24
42    2.75266e-21    7.60316e-24
43    2.75348e-21    7.47002e-24
44    2.75295e-21    7.3178e-24
45    2.75218e-21    7.19434e-24
46    2.7524e-21    7.03966e-24
47    2.7528e-21    6.89965e-24
48    2.75354e-21    6.79513e-24
49    2.7516e-21    6.93147e-24
50    2.75143e-21    6.79367e-24
