1    2.942e-20    0
2    2.99412e-20    5.21148e-22
3    3.00461e-20    3.18658e-22
4    3.02611e-20    3.11403e-22
5    3.01691e-20    2.5816e-22
6    3.01657e-20    2.10814e-22
7    3.02303e-20    1.89518e-22
8    3.02367e-20    1.6425e-22
9    3.01579e-20    1.64901e-22
10    3.01782e-20    1.48888e-22
11    3.01346e-20    1.4156e-22
12    3.00854e-20    1.38255e-22
13    3.00562e-20    1.30505e-22
14    3.00405e-20    1.21837e-22
15    3.00389e-20    1.13435e-22
16    3.00566e-20    1.07589e-22
17    3.01413e-20    1.31806e-22
18    3.0189e-20    1.33115e-22
19    3.0197e-20    1.26172e-22
20    3.02062e-20    1.20047e-22
