1    -5.66394e-21    0
2    -6.18669e-21    5.22752e-22
3    -6.29158e-21    3.19518e-22
4    -6.50701e-21    3.12177e-22
5    -6.41517e-21    2.58664e-22
6    -6.41198e-21    2.11222e-22
7    -6.47658e-21    1.89846e-22
8    -6.48278e-21    1.64528e-22
9    -6.40392e-21    1.65148e-22
10    -6.42429e-21    1.49111e-22
11    -6.38072e-21    1.4174e-22
12    -6.33158e-21    1.38408e-22
13    -6.30221e-21    1.30661e-22
14    -6.28649e-21    1.21985e-22
15    -6.28481e-21    1.13574e-22
16    -6.3026e-21    1.07718e-22
17    -6.3872e-21    1.3189e-22
18    -6.43497e-21    1.33206e-22
19    -6.44294e-21    1.26253e-22
20    -6.45212e-21    1.20125e-22
