1    2.37561e-20    0
2    2.37545e-20    1.60423e-24
3    2.37545e-20    9.2725e-25
4    2.37541e-20    8.14534e-25
5    2.37539e-20    6.50491e-25
6    2.37537e-20    5.5267e-25
7    2.37537e-20    4.67152e-25
8    2.37539e-20    4.25742e-25
9    2.37539e-20    3.81163e-25
10    2.37539e-20    3.42213e-25
11    2.37539e-20    3.12119e-25
12    2.37539e-20    2.84924e-25
13    2.3754e-20    2.74417e-25
14    2.3754e-20    2.5757e-25
15    2.3754e-20    2.44992e-25
16    2.3754e-20    2.29227e-25
17    2.37541e-20    2.15702e-25
18    2.3754e-20    2.08956e-25
19    2.37541e-20    2.17601e-25
20    2.37541e-20    2.07193e-25
