1.09876e-11    0    0
3.29629e-11    0    0
5.49381e-11    0    0
7.69133e-11    0    0
9.88886e-11    0    0
1.20864e-10    0    0
1.42839e-10    0    0
1.64814e-10    0    0
1.86789e-10    0    0
2.08765e-10    0    0
2.3074e-10    0    0
2.52715e-10    0    0
2.7469e-10    0    0
2.96666e-10    0.00115042    0.000348038
3.18641e-10    0.142714    0.00589708
3.40616e-10    0.929478    0.0244755
3.62591e-10    1.72251    0.0450376
3.84567e-10    1.85618    0.065011
4.06542e-10    1.74723    0.0564129
4.28517e-10    1.55777    0.0395092
4.50492e-10    1.39996    0.0294972
4.72468e-10    1.25418    0.0254229
4.94443e-10    1.16977    0.0272624
5.16418e-10    1.11609    0.0268463
5.38393e-10    1.04867    0.0199322
5.60368e-10    1.04524    0.0224036
5.82344e-10    1.00587    0.0186983
6.04319e-10    0.998362    0.0158275
6.26294e-10    0.973658    0.0149871
6.48269e-10    0.994206    0.017792
6.70245e-10    0.969183    0.0169254
6.9222e-10    0.972277    0.018064
7.14195e-10    0.966896    0.0171164
7.3617e-10    0.977863    0.0151214
7.58146e-10    0.975722    0.0152307
7.80121e-10    0.964182    0.0130505
8.02096e-10    0.959106    0.0152765
8.24071e-10    0.946665    0.00982213
8.46047e-10    0.952244    0.0132006
8.68022e-10    0.949633    0.0127391
8.89997e-10    0.943695    0.011223
9.11972e-10    0.945412    0.0120969
9.33947e-10    0.948509    0.0121973
9.55923e-10    0.949081    0.0118559
9.77898e-10    0.946046    0.0113895
9.99873e-10    0.959904    0.0118156
1.02185e-09    0.963642    0.00727615
1.04382e-09    0.951466    0.00780165
1.0658e-09    0.952497    0.00928342
1.08777e-09    0.954222    0.00861561
1.10975e-09    0.943915    0.0078125
1.13172e-09    0.938966    0.00942077
1.1537e-09    0.945172    0.00966601
1.17568e-09    0.952476    0.00834501
1.19765e-09    0.948511    0.00836038
1.21963e-09    0.956207    0.00864322
1.2416e-09    0.951222    0.00819244
1.26358e-09    0.941997    0.00838791
1.28555e-09    0.936293    0.00707103
1.30753e-09    0.946202    0.00737037
1.3295e-09    0.950117    0.00737226
1.35148e-09    0.943292    0.00789876
1.37345e-09    0.939448    0.00731742
1.39543e-09    0.94231    0.00862105
1.4174e-09    0.943752    0.00685985
1.43938e-09    0.950373    0.00665198
1.46135e-09    0.936714    0.00611411
1.48333e-09    0.945586    0.00870478
1.5053e-09    0.943762    0.00723769
1.52728e-09    0.943575    0.00780566
1.54925e-09    0.943881    0.00643678
1.57123e-09    0.941755    0.00587942
1.5932e-09    0.943025    0.00555175
1.61518e-09    0.953218    0.00793248
1.63715e-09    0.951593    0.00657606
1.65913e-09    0.958447    0.00528349
1.68111e-09    0.959124    0.00505671
1.70308e-09    0.969863    0.00652938
1.72506e-09    0.971879    0.00668587
1.74703e-09    0.970653    0.00652785
1.76901e-09    0.96723    0.00653651
1.79098e-09    0.969694    0.00698324
1.81296e-09    0.968559    0.00729377
1.83493e-09    0.972522    0.00665281
1.85691e-09    0.978473    0.00630052
1.87888e-09    0.970415    0.00624732
1.90086e-09    0.970516    0.00566655
1.92283e-09    0.964291    0.00536607
1.94481e-09    0.967094    0.00463579
1.96678e-09    0.960619    0.00506403
1.98876e-09    0.967611    0.00593483
2.01073e-09    0.96357    0.0057918
2.03271e-09    0.963367    0.00558808
2.05468e-09    0.96469    0.00480035
2.07666e-09    0.965823    0.00583828
2.09863e-09    0.96705    0.00534013
2.12061e-09    0.967857    0.005568
2.14259e-09    0.965122    0.00516656
2.16456e-09    0.970903    0.00566
2.18654e-09    0.965144    0.00527326
