4.36044e-12    0    0
1.30813e-11    0    0
2.18022e-11    0    0
3.05231e-11    0    0
3.92439e-11    0    0
4.79648e-11    0    0
5.66857e-11    0    0
6.54066e-11    0    0
7.41275e-11    0    0
8.28483e-11    0    0
9.15692e-11    0    0
1.0029e-10    0    0
1.09011e-10    0    0
1.17732e-10    0    0
1.26453e-10    0    0
1.35174e-10    0    0
1.43894e-10    0    0
1.52615e-10    0    0
1.61336e-10    0    0
1.70057e-10    0    0
1.78778e-10    0    0
1.87499e-10    0    0
1.9622e-10    0    0
2.04941e-10    0    0
2.13661e-10    0    0
2.22382e-10    0    0
2.31103e-10    0    0
2.39824e-10    0    0
2.48545e-10    0    0
2.57266e-10    0    0
2.65987e-10    0    0
2.74708e-10    0    0
2.83429e-10    0    0
2.92149e-10    0    0
3.0087e-10    0.00120896    0.000170131
3.09591e-10    0.0227243    0.000716877
3.18312e-10    0.153079    0.00149752
3.27033e-10    0.528827    0.00291805
3.35754e-10    1.14414    0.00696414
3.44475e-10    1.78006    0.00798107
3.53196e-10    2.23249    0.00932827
3.61916e-10    2.44092    0.00824816
3.70637e-10    2.43209    0.00857416
3.79358e-10    2.30819    0.00857314
3.88079e-10    2.10615    0.00703132
3.968e-10    1.88759    0.00798114
4.05521e-10    1.67203    0.00820271
4.14242e-10    1.4879    0.00650755
4.22963e-10    1.3279    0.00607049
4.31683e-10    1.18519    0.00539369
4.40404e-10    1.07589    0.00388431
4.49125e-10    0.98569    0.00423777
4.57846e-10    0.906069    0.005098
4.66567e-10    0.837261    0.00380827
4.75288e-10    0.795988    0.00360264
4.84009e-10    0.757036    0.0041105
4.9273e-10    0.717486    0.00464675
5.0145e-10    0.687465    0.00281173
5.10171e-10    0.663423    0.00289418
5.18892e-10    0.649245    0.0028965
5.27613e-10    0.646411    0.00321788
5.36334e-10    0.646857    0.0045009
5.45055e-10    0.654158    0.00480723
5.53776e-10    0.664382    0.00382149
5.62497e-10    0.682296    0.00299307
5.71217e-10    0.706082    0.00359095
5.79938e-10    0.733807    0.0032311
5.88659e-10    0.760901    0.00435128
5.9738e-10    0.794817    0.00435318
6.06101e-10    0.832435    0.00388419
6.14822e-10    0.870316    0.00302433
6.23543e-10    0.91361    0.00328702
6.32264e-10    0.955483    0.00395802
6.40984e-10    0.991703    0.0043747
6.49705e-10    1.02863    0.00363627
6.58426e-10    1.06145    0.00258024
6.67147e-10    1.09748    0.00400321
6.75868e-10    1.1352    0.00270172
6.84589e-10    1.1538    0.00375986
6.9331e-10    1.17383    0.00272921
7.02031e-10    1.17862    0.00274527
7.10752e-10    1.18472    0.00319964
7.19472e-10    1.18391    0.00430329
7.28193e-10    1.16967    0.0042865
7.36914e-10    1.14936    0.0034153
7.45635e-10    1.12394    0.00336667
7.54356e-10    1.09749    0.00298913
7.63077e-10    1.06751    0.00369567
7.71798e-10    1.04214    0.00300465
7.80519e-10    1.01346    0.00285967
7.89239e-10    0.981717    0.00345891
7.9796e-10    0.958663    0.00341717
8.06681e-10    0.945859    0.002973
8.15402e-10    0.92585    0.00227276
8.24123e-10    0.906055    0.00246244
8.32844e-10    0.895408    0.00283776
8.41565e-10    0.885401    0.00317291
8.50286e-10    0.872171    0.00295802
8.59006e-10    0.870642    0.00281367
8.67727e-10    0.870687    0.0029219
