3.92129e-12    0    0
1.17639e-11    0    0
1.96065e-11    0    0
2.74491e-11    0    0
3.52916e-11    0    0
4.31342e-11    0    0
5.09768e-11    0    0
5.88194e-11    0    0
6.6662e-11    0    0
7.45046e-11    0    0
8.23472e-11    0    0
9.01897e-11    0    0
9.80323e-11    0    0
1.05875e-10    0    0
1.13717e-10    0    0
1.2156e-10    0    0
1.29403e-10    0    0
1.37245e-10    0    0
1.45088e-10    0    0
1.5293e-10    0    0
1.60773e-10    0    0
1.68616e-10    0    0
1.76458e-10    0    0
1.84301e-10    0    0
1.92143e-10    0    0
1.99986e-10    0    0
2.07829e-10    0    0
2.15671e-10    0    0
2.23514e-10    0    0
2.31356e-10    0    0
2.39199e-10    0    0
2.47041e-10    0    0
2.54884e-10    0    0
2.62727e-10    0    0
2.70569e-10    0    0
2.78412e-10    0    0
2.86254e-10    0    0
2.94097e-10    0    0
3.0194e-10    6.99593e-05    2.96426e-05
3.09782e-10    0.0032708    0.000220307
3.17625e-10    0.0494192    0.00103159
3.25467e-10    0.304768    0.00218066
3.3331e-10    1.01595    0.00320941
3.41152e-10    2.20032    0.00536401
3.48995e-10    3.47327    0.00759212
3.56838e-10    4.37424    0.0082124
3.6468e-10    4.62267    0.00697779
3.72523e-10    4.23208    0.010588
3.80365e-10    3.4709    0.00771825
3.88208e-10    2.5659    0.00746795
3.96051e-10    1.75562    0.0046624
4.03893e-10    1.11129    0.00509585
4.11736e-10    0.657755    0.00292748
4.19578e-10    0.361477    0.00249319
4.27421e-10    0.188626    0.00201201
4.35264e-10    0.0938957    0.00190742
4.43106e-10    0.0526691    0.00125263
4.50949e-10    0.0440081    0.000977319
4.58791e-10    0.0641944    0.00155189
4.66634e-10    0.109362    0.0020301
4.74476e-10    0.185695    0.00244421
4.82319e-10    0.299994    0.00255627
4.90162e-10    0.447455    0.00267605
4.98004e-10    0.612138    0.00366767
5.05847e-10    0.766683    0.00333308
5.13689e-10    0.882516    0.00404113
5.21532e-10    0.915841    0.00510733
5.29375e-10    0.876471    0.00615999
5.37217e-10    0.772728    0.00342421
5.4506e-10    0.621115    0.00262125
5.52902e-10    0.457118    0.00182444
5.60745e-10    0.320449    0.00191089
5.68587e-10    0.227116    0.00256228
5.7643e-10    0.201621    0.00365978
5.84273e-10    0.270133    0.00332687
5.92115e-10    0.450302    0.00336151
5.99958e-10    0.763309    0.00349812
6.078e-10    1.19118    0.00378674
6.15643e-10    1.68489    0.00392952
6.23486e-10    2.15396    0.0049992
6.31328e-10    2.48198    0.00603425
6.39171e-10    2.59479    0.00698711
6.47013e-10    2.45321    0.0043907
6.54856e-10    2.10288    0.00380323
6.62698e-10    1.64389    0.00366704
6.70541e-10    1.18615    0.00298629
6.78384e-10    0.811358    0.00321824
6.86226e-10    0.560988    0.00316184
6.94069e-10    0.454822    0.00369843
7.01911e-10    0.47562    0.00321196
7.09754e-10    0.590026    0.0020646
7.17597e-10    0.746415    0.00213436
7.25439e-10    0.882748    0.0028256
7.33282e-10    0.962648    0.00315685
7.41124e-10    0.966745    0.00259505
7.48967e-10    0.889534    0.00244053
7.5681e-10    0.775061    0.00200439
7.64652e-10    0.658578    0.00209192
7.72495e-10    0.58161    0.00319494
7.80337e-10    0.589698    0.00490536
