1    -1.10733e-20    0
2    -1.10731e-20    2.55014e-25
3    -1.10741e-20    1.0725e-24
4    -1.10713e-20    2.93247e-24
5    -1.10677e-20    4.20961e-24
6    -1.10703e-20    4.30103e-24
7    -1.10715e-20    3.82435e-24
8    -1.10699e-20    3.69614e-24
9    -1.10691e-20    3.36203e-24
10    -1.10707e-20    3.44117e-24
11    -1.10686e-20    3.74776e-24
12    -1.10697e-20    3.56876e-24
13    -1.10688e-20    3.39511e-24
14    -1.10686e-20    3.1477e-24
15    -1.10693e-20    3.00563e-24
16    -1.10692e-20    2.81319e-24
17    -1.10691e-20    2.64471e-24
18    -1.10693e-20    2.50239e-24
19    -1.10678e-20    2.78392e-24
20    -1.10682e-20    2.67367e-24
21    -1.10689e-20    2.63107e-24
22    -1.10683e-20    2.58011e-24
23    -1.1069e-20    2.54896e-24
24    -1.10693e-20    2.45844e-24
25    -1.10693e-20    2.35826e-24
26    -1.10693e-20    2.26636e-24
27    -1.10692e-20    2.18802e-24
28    -1.10695e-20    2.13478e-24
29    -1.10699e-20    2.09024e-24
30    -1.107e-20    2.02571e-24
31    -1.10699e-20    1.96162e-24
32    -1.10702e-20    1.92578e-24
33    -1.10697e-20    1.9519e-24
34    -1.10697e-20    1.89362e-24
35    -1.10705e-20    2.02233e-24
36    -1.10701e-20    2.005e-24
37    -1.10702e-20    1.95053e-24
38    -1.10703e-20    1.90474e-24
39    -1.10699e-20    1.90525e-24
40    -1.10703e-20    1.91342e-24
41    -1.10697e-20    1.96969e-24
42    -1.10702e-20    1.98223e-24
43    -1.10698e-20    1.97803e-24
44    -1.10701e-20    1.95347e-24
45    -1.107e-20    1.91109e-24
46    -1.10697e-20    1.88829e-24
47    -1.10698e-20    1.85055e-24
48    -1.10697e-20    1.81509e-24
49    -1.10697e-20    1.77773e-24
50    -1.10699e-20    1.75349e-24
