1    1.95527e-21    0
2    1.95475e-21    5.16954e-25
3    1.95531e-21    6.28429e-25
4    1.95268e-21    2.66107e-24
5    1.94933e-21    3.93844e-24
6    1.95202e-21    4.1981e-24
7    1.95313e-21    3.71633e-24
8    1.95145e-21    3.63083e-24
9    1.9509e-21    3.24899e-24
10    1.95261e-21    3.37056e-24
11    1.95058e-21    3.65985e-24
12    1.95164e-21    3.50422e-24
13    1.95091e-21    3.30478e-24
14    1.95076e-21    3.06319e-24
15    1.95155e-21    2.95912e-24
16    1.95135e-21    2.77529e-24
17    1.95122e-21    2.61052e-24
18    1.95137e-21    2.46589e-24
19    1.94997e-21    2.71732e-24
20    1.95023e-21    2.59078e-24
21    1.95094e-21    2.563e-24
22    1.95026e-21    2.53475e-24
23    1.95079e-21    2.47938e-24
24    1.95103e-21    2.38535e-24
25    1.95102e-21    2.28796e-24
26    1.95106e-21    2.19862e-24
27    1.95092e-21    2.1208e-24
28    1.95123e-21    2.06728e-24
29    1.95152e-21    2.01621e-24
30    1.95159e-21    1.94921e-24
31    1.95149e-21    1.88806e-24
32    1.95179e-21    1.85206e-24
33    1.95129e-21    1.86447e-24
34    1.95125e-21    1.80917e-24
35    1.952e-21    1.91133e-24
36    1.95159e-21    1.90261e-24
37    1.9516e-21    1.8505e-24
38    1.95174e-21    1.80697e-24
39    1.95129e-21    1.8167e-24
40    1.95171e-21    1.81819e-24
41    1.95112e-21    1.86856e-24
42    1.95156e-21    1.87714e-24
43    1.95117e-21    1.87452e-24
44    1.95144e-21    1.85156e-24
45    1.95138e-21    1.81118e-24
46    1.95111e-21    1.79064e-24
47    1.95118e-21    1.75347e-24
48    1.95106e-21    1.72058e-24
49    1.95109e-21    1.68534e-24
50    1.95129e-21    1.66285e-24
