1    94.4131    0
2    94.3881    0.0249619
3    94.4148    0.0303446
4    94.2881    0.128494
5    94.1261    0.190173
6    94.2564    0.202711
7    94.3098    0.179448
8    94.2286    0.17532
9    94.2021    0.156882
10    94.2845    0.162752
11    94.1867    0.176721
12    94.2378    0.169206
13    94.2026    0.159576
14    94.1955    0.147911
15    94.2336    0.142885
16    94.2239    0.134009
17    94.2173    0.126053
18    94.2246    0.119069
19    94.1573    0.13121
20    94.1698    0.1251
21    94.2038    0.123758
22    94.1713    0.122394
23    94.1969    0.11972
24    94.2082    0.11518
25    94.2079    0.110477
26    94.21    0.106163
27    94.2029    0.102406
28    94.2179    0.0998218
29    94.2321    0.0973556
30    94.2356    0.0941204
31    94.2307    0.0911679
32    94.245    0.0894293
33    94.2207    0.0900287
34    94.2189    0.0873582
35    94.2553    0.0922916
36    94.2354    0.0918705
37    94.2358    0.089354
38    94.2428    0.0872524
39    94.2211    0.0877222
40    94.241    0.0877938
41    94.2126    0.0902264
42    94.2341    0.0906407
43    94.2151    0.090514
44    94.2283    0.0894054
45    94.2251    0.0874552
46    94.2124    0.0864637
47    94.2157    0.084669
48    94.21    0.0830808
49    94.2114    0.0813792
50    94.2209    0.0802932
