1    -9.11804e-21    0
2    -9.1183e-21    2.61939e-25
3    -9.11881e-21    5.31296e-25
4    -9.1186e-21    4.29909e-25
5    -9.11842e-21    3.82512e-25
6    -9.1183e-21    3.32205e-25
7    -9.11839e-21    2.92685e-25
8    -9.11843e-21    2.56586e-25
9    -9.11815e-21    3.54727e-25
10    -9.11812e-21    3.19155e-25
11    -9.11806e-21    2.95409e-25
12    -9.11801e-21    2.72854e-25
13    -9.11788e-21    2.86062e-25
14    -9.11786e-21    2.65557e-25
15    -9.11774e-21    2.75535e-25
16    -9.11784e-21    2.77794e-25
17    -9.11787e-21    2.62623e-25
18    -9.11793e-21    2.5467e-25
19    -9.11786e-21    2.51252e-25
20    -9.11801e-21    2.86005e-25
21    -9.11798e-21    2.73685e-25
22    -9.11805e-21    2.70186e-25
23    -9.11817e-21    2.83535e-25
24    -9.11823e-21    2.78616e-25
25    -9.11827e-21    2.6963e-25
26    -9.11828e-21    2.5925e-25
27    -9.11825e-21    2.5119e-25
28    -9.11827e-21    2.43119e-25
29    -9.11834e-21    2.42524e-25
30    -9.11842e-21    2.50021e-25
31    -9.11843e-21    2.41909e-25
32    -9.11845e-21    2.35187e-25
33    -9.11838e-21    2.37584e-25
34    -9.11842e-21    2.3286e-25
35    -9.11851e-21    2.42955e-25
36    -9.11852e-21    2.366e-25
37    -9.11856e-21    2.32675e-25
38    -9.11856e-21    2.26643e-25
39    -9.11858e-21    2.2138e-25
40    -9.11863e-21    2.21131e-25
41    -9.11859e-21    2.19553e-25
42    -9.11863e-21    2.17711e-25
43    -9.11861e-21    2.13126e-25
44    -9.11862e-21    2.08614e-25
45    -9.11861e-21    2.04156e-25
46    -9.11861e-21    1.99777e-25
47    -9.11864e-21    1.98487e-25
48    -9.11865e-21    1.94371e-25
49    -9.1186e-21    1.95434e-25
50    -9.11861e-21    1.91587e-25
