1    139.935    0
2    139.144    0.79102
3    139.412    0.529491
4    139.666    0.45214
5    140.683    1.07603
6    142.061    1.63392
7    143.037    1.69121
8    143.636    1.58238
9    143.969    1.43461
10    143.836    1.28996
11    143.972    1.17462
12    144.578    1.23194
13    144.74    1.14468
14    144.734    1.05978
15    144.629    0.992201
16    144.949    0.981761
17    145.021    0.924965
18    145.083    0.874273
19    145.272    0.848263
20    145.581    0.862103
21    145.907    0.882643
22    146.108    0.865232
23    146.171    0.829119
24    146.12    0.795442
25    146.111    0.763013
26    146.044    0.736175
27    145.96    0.713304
28    145.908    0.68931
29    145.789    0.675783
30    145.676    0.66255
31    145.578    0.648206
32    145.639    0.630536
33    145.655    0.611341
34    145.64    0.593263
35    145.644    0.576072
36    145.66    0.560086
37    145.818    0.567057
38    146.03    0.591266
39    146.08    0.578121
40    146.086    0.563513
41    146.057    0.550367
42    145.971    0.543873
43    145.934    0.532429
44    145.891    0.521948
45    145.943    0.512849
46    146.04    0.511003
47    146.08    0.501557
48    146.002    0.497115
49    145.926    0.492753
50    145.854    0.488181
