1    2.37585e-21    0
2    2.37575e-21    1.02002e-25
3    2.37572e-21    6.4552e-26
4    2.37569e-21    5.34045e-26
5    2.37564e-21    6.86845e-26
6    2.37561e-21    6.26285e-26
7    2.37557e-21    6.61129e-26
8    2.37555e-21    6.18212e-26
9    2.37552e-21    6.2132e-26
10    2.3755e-21    5.96688e-26
11    2.37547e-21    6.20969e-26
12    2.37545e-21    5.8792e-26
13    2.37545e-21    5.41276e-26
14    2.37546e-21    5.10031e-26
15    2.37545e-21    4.79247e-26
16    2.37546e-21    4.5273e-26
17    2.37546e-21    4.26952e-26
18    2.37545e-21    4.17526e-26
19    2.37543e-21    4.49076e-26
20    2.37541e-21    4.69495e-26
21    2.37541e-21    4.48934e-26
22    2.3754e-21    4.34302e-26
23    2.37541e-21    4.1825e-26
24    2.37541e-21    4.00454e-26
25    2.3754e-21    3.84629e-26
26    2.3754e-21    3.69603e-26
27    2.3754e-21    3.56051e-26
28    2.3754e-21    3.48174e-26
29    2.37539e-21    3.39709e-26
30    2.37539e-21    3.28613e-26
31    2.37539e-21    3.18206e-26
32    2.37538e-21    3.13495e-26
33    2.37538e-21    3.03927e-26
34    2.37538e-21    2.96963e-26
35    2.37538e-21    2.88404e-26
36    2.37537e-21    2.83718e-26
37    2.37537e-21    2.80183e-26
38    2.37537e-21    2.73108e-26
39    2.37537e-21    2.66258e-26
40    2.37537e-21    2.59611e-26
41    2.37537e-21    2.53252e-26
42    2.37537e-21    2.47197e-26
43    2.37538e-21    2.41789e-26
44    2.37537e-21    2.36473e-26
45    2.37538e-21    2.31787e-26
46    2.37538e-21    2.27475e-26
47    2.37538e-21    2.29021e-26
48    2.37539e-21    2.27516e-26
49    2.37539e-21    2.25457e-26
50    2.37539e-21    2.23046e-26
