1    -5.22177e-22    0
2    -5.05897e-22    1.62798e-23
3    -5.11472e-22    1.09283e-23
4    -5.16749e-22    9.35747e-24
5    -5.37875e-22    2.23346e-23
6    -5.66433e-22    3.38836e-23
7    -5.86693e-22    3.50789e-23
8    -5.99121e-22    3.28231e-23
9    -6.06038e-22    2.97622e-23
10    -6.03318e-22    2.67587e-23
11    -6.06149e-22    2.43692e-23
12    -6.18726e-22    2.55549e-23
13    -6.2207e-22    2.37438e-23
14    -6.21951e-22    2.19828e-23
15    -6.19778e-22    2.058e-23
16    -6.264e-22    2.0358e-23
17    -6.27876e-22    1.91799e-23
18    -6.29172e-22    1.81294e-23
19    -6.33104e-22    1.75937e-23
20    -6.39528e-22    1.78844e-23
21    -6.46295e-22    1.83079e-23
22    -6.50465e-22    1.7947e-23
23    -6.51754e-22    1.71973e-23
24    -6.50704e-22    1.64987e-23
25    -6.50521e-22    1.58261e-23
26    -6.49124e-22    1.52692e-23
27    -6.47393e-22    1.47944e-23
28    -6.46326e-22    1.42961e-23
29    -6.43854e-22    1.40141e-23
30    -6.41518e-22    1.37388e-23
31    -6.39499e-22    1.34408e-23
32    -6.40759e-22    1.30748e-23
33    -6.41092e-22    1.26768e-23
34    -6.40796e-22    1.23018e-23
35    -6.40862e-22    1.19453e-23
36    -6.41209e-22    1.1614e-23
37    -6.44476e-22    1.17587e-23
38    -6.48866e-22    1.22582e-23
39    -6.49912e-22    1.19855e-23
40    -6.50032e-22    1.16826e-23
41    -6.49429e-22    1.141e-23
42    -6.47656e-22    1.12752e-23
43    -6.46869e-22    1.1038e-23
44    -6.45983e-22    1.08205e-23
45    -6.47056e-22    1.06316e-23
46    -6.49078e-22    1.05926e-23
47    -6.49887e-22    1.03963e-23
48    -6.48273e-22    1.03046e-23
49    -6.46696e-22    1.02145e-23
50    -6.45196e-22    1.012e-23
