1    2.89803e-21    0
2    2.88164e-21    1.63818e-23
3    2.88719e-21    1.09656e-23
4    2.89244e-21    9.36369e-24
5    2.91351e-21    2.22843e-23
6    2.94204e-21    3.3838e-23
7    2.96226e-21    3.50246e-23
8    2.97467e-21    3.27707e-23
9    2.98156e-21    2.97103e-23
10    2.97881e-21    2.67148e-23
11    2.98161e-21    2.43262e-23
12    2.99418e-21    2.55131e-23
13    2.99752e-21    2.3706e-23
14    2.99741e-21    2.19478e-23
15    2.99523e-21    2.05482e-23
16    3.00186e-21    2.0332e-23
17    3.00334e-21    1.91558e-23
18    3.00463e-21    1.8106e-23
19    3.00854e-21    1.75673e-23
20    3.01494e-21    1.78539e-23
21    3.0217e-21    1.82793e-23
22    3.02587e-21    1.79187e-23
23    3.02716e-21    1.71708e-23
24    3.02611e-21    1.64734e-23
25    3.02592e-21    1.58018e-23
26    3.02453e-21    1.5246e-23
27    3.0228e-21    1.47723e-23
28    3.02172e-21    1.42754e-23
29    3.01925e-21    1.39953e-23
30    3.01691e-21    1.37212e-23
31    3.01489e-21    1.34242e-23
32    3.01614e-21    1.30582e-23
33    3.01647e-21    1.26607e-23
34    3.01617e-21    1.22863e-23
35    3.01624e-21    1.19303e-23
36    3.01658e-21    1.15992e-23
37    3.01985e-21    1.17436e-23
38    3.02424e-21    1.2245e-23
39    3.02528e-21    1.19727e-23
40    3.0254e-21    1.16702e-23
41    3.0248e-21    1.1398e-23
42    3.02303e-21    1.12635e-23
43    3.02224e-21    1.10265e-23
44    3.02136e-21    1.08094e-23
45    3.02243e-21    1.0621e-23
46    3.02446e-21    1.05827e-23
47    3.02527e-21    1.03871e-23
48    3.02366e-21    1.02951e-23
49    3.02209e-21    1.02048e-23
50    3.02059e-21    1.01101e-23
